<?xml version="1.0" encoding="UTF-8"?>
<testng-results skipped="0" failed="0" ignored="0" total="3" passed="3">
  <reporter-output>
  </reporter-output>
  <suite name="Suite" duration-ms="67" started-at="2021-01-07T10:18:53Z" finished-at="2021-01-07T10:18:53Z">
    <groups>
    </groups>
    <test name="listeners" duration-ms="67" started-at="2021-01-07T10:18:53Z" finished-at="2021-01-07T10:18:53Z">
      <class name="com.listeners.ListenersXTest">
        <test-method status="PASS" signature="setUp()[pri:0, instance:com.listeners.ListenersXTest@59fa1d9b]" name="setUp" duration-ms="13" started-at="2021-01-07T10:18:53Z" finished-at="2021-01-07T10:18:53Z">
          <reporter-output>
          </reporter-output>
        </test-method> <!-- setUp -->
        <test-method status="PASS" signature="test1()[pri:0, instance:com.listeners.ListenersXTest@59fa1d9b]" name="test1" duration-ms="2" started-at="2021-01-07T10:18:53Z" finished-at="2021-01-07T10:18:53Z">
          <reporter-output>
          </reporter-output>
        </test-method> <!-- test1 -->
        <test-method status="PASS" signature="test2()[pri:0, instance:com.listeners.ListenersXTest@59fa1d9b]" name="test2" duration-ms="1" started-at="2021-01-07T10:18:53Z" depends-on-methods="com.listeners.ListenersXTest.setUp" finished-at="2021-01-07T10:18:53Z">
          <reporter-output>
          </reporter-output>
        </test-method> <!-- test2 -->
      </class> <!-- com.listeners.ListenersXTest -->
    </test> <!-- listeners -->
  </suite> <!-- Suite -->
</testng-results>
