<?xml version="1.0" encoding="UTF-8"?>
<!-- Generated by org.testng.reporters.JUnitXMLReporter -->
<testsuite hostname="OJAS-DD282" ignored="0" name="Default test" tests="3" failures="0" timestamp="07 Jan 2021 09:45:50 GMT" time="0.099" errors="0">
  <testcase name="setUp" time="0.032" classname="com.listeners.ListenersTest"/>
  <testcase name="test1" time="0.0" classname="com.listeners.ListenersTest"/>
  <testcase name="test2" time="0.004" classname="com.listeners.ListenersTest"/>
</testsuite> <!-- Default test -->
