<?xml version="1.0" encoding="UTF-8"?>
<testng-results skipped="0" failed="0" ignored="0" total="3" passed="3">
  <reporter-output>
  </reporter-output>
  <suite name="Default suite" duration-ms="99" started-at="2021-01-07T09:45:50Z" finished-at="2021-01-07T09:45:50Z">
    <groups>
    </groups>
    <test name="Default test" duration-ms="99" started-at="2021-01-07T09:45:50Z" finished-at="2021-01-07T09:45:50Z">
      <class name="com.listeners.ListenersTest">
        <test-method status="PASS" signature="setUp()[pri:0, instance:com.listeners.ListenersTest@5b275dab]" name="setUp" duration-ms="32" started-at="2021-01-07T09:45:50Z" finished-at="2021-01-07T09:45:50Z">
          <reporter-output>
          </reporter-output>
        </test-method> <!-- setUp -->
        <test-method status="PASS" signature="test1()[pri:0, instance:com.listeners.ListenersTest@5b275dab]" name="test1" duration-ms="0" started-at="2021-01-07T09:45:50Z" finished-at="2021-01-07T09:45:50Z">
          <reporter-output>
          </reporter-output>
        </test-method> <!-- test1 -->
        <test-method status="PASS" signature="test2()[pri:0, instance:com.listeners.ListenersTest@5b275dab]" name="test2" duration-ms="4" started-at="2021-01-07T09:45:50Z" depends-on-methods="com.listeners.ListenersTest.setUp" finished-at="2021-01-07T09:45:50Z">
          <reporter-output>
          </reporter-output>
        </test-method> <!-- test2 -->
      </class> <!-- com.listeners.ListenersTest -->
    </test> <!-- Default test -->
  </suite> <!-- Default suite -->
</testng-results>
